<?xml version="1.0" encoding="UTF-8"?>
<testng-results total="2" passed="2" failed="0" skipped="0">
  <reporter-output>
  </reporter-output>
  <suite started-at="2022-03-15T13:36:02Z" name="Testng Cucumber Suite" finished-at="2022-03-15T13:36:55Z" duration-ms="52917">
    <groups>
      <group name="cucumber">
        <method signature="AbstractTestNGCucumberTests.feature(cucumber.api.testng.CucumberFeatureWrapper)[pri:0, instance:Com.Cristal.Runner.TestRunner@10959ece]" name="feature" class="cucumber.api.testng.AbstractTestNGCucumberTests"/>
      </group> <!-- cucumber -->
    </groups>
    <test started-at="2022-03-15T13:36:02Z" name="ChromeTest" finished-at="2022-03-15T13:36:55Z" duration-ms="52917">
      <class name="Com.Cristal.Runner.TestRunner">
        <test-method is-config="true" signature="beforeTestSuite()[pri:0, instance:Com.Cristal.Runner.TestRunner@10959ece]" started-at="2022-03-15T14:36:02Z" name="beforeTestSuite" finished-at="2022-03-15T14:36:02Z" duration-ms="214" status="PASS">
          <reporter-output>
          </reporter-output>
        </test-method> <!-- beforeTestSuite -->
        <test-method is-config="true" signature="setUpClass()[pri:0, instance:Com.Cristal.Runner.TestRunner@10959ece]" started-at="2022-03-15T14:36:02Z" name="setUpClass" finished-at="2022-03-15T14:36:03Z" duration-ms="115" status="PASS">
          <reporter-output>
          </reporter-output>
        </test-method> <!-- setUpClass -->
        <test-method is-config="true" signature="beforeClass(org.testng.ITestContext, java.lang.String)[pri:0, instance:Com.Cristal.Runner.TestRunner@10959ece]" started-at="2022-03-15T14:36:03Z" name="beforeClass" finished-at="2022-03-15T14:36:05Z" duration-ms="2510" status="PASS">
          <params>
            <param index="0">
              <value>
                <![CDATA[org.testng.TestRunner@4e9658b5]]>
              </value>
            </param>
            <param index="1">
              <value>
                <![CDATA[chrome]]>
              </value>
            </param>
          </params>
          <reporter-output>
          </reporter-output>
        </test-method> <!-- beforeClass -->
        <test-method signature="feature(cucumber.api.testng.CucumberFeatureWrapper)[pri:0, instance:Com.Cristal.Runner.TestRunner@10959ece]" started-at="2022-03-15T14:36:05Z" name="feature" description="Runs Cucumber Feature" data-provider="features" finished-at="2022-03-15T14:36:28Z" duration-ms="23267" status="PASS">
          <params>
            <param index="0">
              <value>
                <![CDATA[Authentification du site web Cristal]]>
              </value>
            </param>
          </params>
          <reporter-output>
          </reporter-output>
        </test-method> <!-- feature -->
        <test-method is-config="true" signature="tearDownr(org.testng.ITestResult)[pri:0, instance:Com.Cristal.Runner.TestRunner@10959ece]" started-at="2022-03-15T14:36:28Z" name="tearDownr" finished-at="2022-03-15T14:36:29Z" duration-ms="257" status="PASS">
          <params>
            <param index="0">
              <value>
                <![CDATA[[TestResult name=feature status=SUCCESS method=AbstractTestNGCucumberTests.feature(cucumber.api.testng.CucumberFeatureWrapper)[pri:0, instance:Com.Cristal.Runner.TestRunner@10959ece] output={null}]]]>
              </value>
            </param>
          </params>
          <reporter-output>
          </reporter-output>
        </test-method> <!-- tearDownr -->
        <test-method signature="feature(cucumber.api.testng.CucumberFeatureWrapper)[pri:0, instance:Com.Cristal.Runner.TestRunner@10959ece]" started-at="2022-03-15T14:36:29Z" name="feature" description="Runs Cucumber Feature" data-provider="features" finished-at="2022-03-15T14:36:55Z" duration-ms="26173" status="PASS">
          <params>
            <param index="0">
              <value>
                <![CDATA[Feature test 1]]>
              </value>
            </param>
          </params>
          <reporter-output>
          </reporter-output>
        </test-method> <!-- feature -->
        <test-method is-config="true" signature="tearDownr(org.testng.ITestResult)[pri:0, instance:Com.Cristal.Runner.TestRunner@10959ece]" started-at="2022-03-15T14:36:55Z" name="tearDownr" finished-at="2022-03-15T14:36:55Z" duration-ms="267" status="PASS">
          <params>
            <param index="0">
              <value>
                <![CDATA[[TestResult name=feature status=SUCCESS method=AbstractTestNGCucumberTests.feature(cucumber.api.testng.CucumberFeatureWrapper)[pri:0, instance:Com.Cristal.Runner.TestRunner@10959ece] output={null}]]]>
              </value>
            </param>
          </params>
          <reporter-output>
          </reporter-output>
        </test-method> <!-- tearDownr -->
        <test-method is-config="true" signature="takeScreenshot()[pri:0, instance:Com.Cristal.Runner.TestRunner@10959ece]" started-at="2022-03-15T14:36:55Z" name="takeScreenshot" finished-at="2022-03-15T14:36:55Z" duration-ms="271" status="PASS">
          <reporter-output>
          </reporter-output>
        </test-method> <!-- takeScreenshot -->
        <test-method is-config="true" signature="tearDownClass()[pri:0, instance:Com.Cristal.Runner.TestRunner@10959ece]" started-at="2022-03-15T14:36:55Z" name="tearDownClass" finished-at="2022-03-15T14:36:55Z" duration-ms="4" status="PASS">
          <reporter-output>
          </reporter-output>
        </test-method> <!-- tearDownClass -->
        <test-method is-config="true" signature="generateHTMLReports()[pri:0, instance:Com.Cristal.Runner.TestRunner@10959ece]" started-at="2022-03-15T14:36:55Z" name="generateHTMLReports" finished-at="2022-03-15T14:36:56Z" duration-ms="355" status="PASS">
          <reporter-output>
          </reporter-output>
        </test-method> <!-- generateHTMLReports -->
      </class> <!-- Com.Cristal.Runner.TestRunner -->
    </test> <!-- ChromeTest -->
  </suite> <!-- Testng Cucumber Suite -->
</testng-results>
